SF:lib/main.dart
DA:5,0
DA:6,0
DA:10,0
DA:11,0
DA:17,0
DA:19,0
DA:20,0
DA:21,0
DA:22,0
DA:23,0
DA:24,0
DA:25,0
DA:26,0
DA:28,0
DA:29,0
DA:31,0
DA:32,0
DA:35,0
DA:36,0
DA:37,0
DA:41,0
DA:42,0
DA:43,0
DA:45,0
DA:46,0
DA:52,0
DA:53,0
DA:61,0
DA:63,0
DA:64,0
DA:71,1
DA:72,1
DA:74,1
DA:75,1
DA:76,2
DA:77,2
DA:78,4
DA:79,4
DA:80,1
DA:81,5
DA:83,0
DA:84,0
DA:85,0
DA:87,0
DA:88,0
DA:90,0
DA:91,0
DA:93,0
DA:94,0
DA:96,0
DA:97,0
DA:98,0
DA:99,0
LF:53
LH:10
end_of_record
SF:lib/movie/data/movie.dart
DA:8,1
DA:11,0
DA:12,0
DA:14,0
DA:15,0
DA:17,0
LF:6
LH:1
end_of_record
SF:lib/movie/data/movie_repository.dart
DA:10,2
DA:13,2
DA:14,4
DA:17,0
DA:19,2
DA:23,1
DA:47,1
DA:48,3
DA:49,3
DA:50,3
DA:51,2
DA:53,2
DA:57,2
DA:58,4
LF:14
LH:13
end_of_record
SF:lib/movie/data/purchase_result.dart
DA:8,1
DA:11,0
DA:12,0
DA:14,0
DA:15,0
DA:17,0
LF:6
LH:1
end_of_record
